find_header: checking for float.h... -------------------- yes

"gcc -o conftest -I/Users/sschulthess/.rbenv/versions/1.9.3-p484/include/ruby-1.9.1/x86_64-darwin13.0.2 -I/Users/sschulthess/.rbenv/versions/1.9.3-p484/include/ruby-1.9.1/ruby/backward -I/Users/sschulthess/.rbenv/versions/1.9.3-p484/include/ruby-1.9.1 -I. -I/Users/sschulthess/.rbenv/versions/1.9.3-p484/include  -D_XOPEN_SOURCE -D_DARWIN_C_SOURCE  -I/Users/sschulthess/.rbenv/versions/1.9.3-p484/include   -O3 -Wno-error=shorten-64-to-32  -pipe conftest.c  -L. -L/Users/sschulthess/.rbenv/versions/1.9.3-p484/lib -L. -L/Users/sschulthess/.rbenv/versions/1.9.3-p484/lib      -lruby-static  -lpthread -ldl -lobjc "
checked program was:
/* begin */
1: #include "ruby.h"
2: 
3: int main(int argc, char **argv)
4: {
5:   return 0;
6: }
/* end */

"gcc -E -I/Users/sschulthess/.rbenv/versions/1.9.3-p484/include/ruby-1.9.1/x86_64-darwin13.0.2 -I/Users/sschulthess/.rbenv/versions/1.9.3-p484/include/ruby-1.9.1/ruby/backward -I/Users/sschulthess/.rbenv/versions/1.9.3-p484/include/ruby-1.9.1 -I. -I/Users/sschulthess/.rbenv/versions/1.9.3-p484/include  -D_XOPEN_SOURCE -D_DARWIN_C_SOURCE  -I/Users/sschulthess/.rbenv/versions/1.9.3-p484/include   -O3 -Wno-error=shorten-64-to-32  -pipe  conftest.c -o conftest.i"
checked program was:
/* begin */
1: #include "ruby.h"
2: 
3: #include <float.h>
/* end */

--------------------

find_header: checking for ruby.h... -------------------- yes

"gcc -E -I/Users/sschulthess/.rbenv/versions/1.9.3-p484/include/ruby-1.9.1/x86_64-darwin13.0.2 -I/Users/sschulthess/.rbenv/versions/1.9.3-p484/include/ruby-1.9.1/ruby/backward -I/Users/sschulthess/.rbenv/versions/1.9.3-p484/include/ruby-1.9.1 -I. -I/Users/sschulthess/.rbenv/versions/1.9.3-p484/include  -D_XOPEN_SOURCE -D_DARWIN_C_SOURCE  -I/Users/sschulthess/.rbenv/versions/1.9.3-p484/include   -O3 -Wno-error=shorten-64-to-32  -pipe  conftest.c -o conftest.i"
checked program was:
/* begin */
1: #include "ruby.h"
2: 
3: #include <ruby.h>
/* end */

--------------------

find_header: checking for stdlib.h... -------------------- yes

"gcc -E -I/Users/sschulthess/.rbenv/versions/1.9.3-p484/include/ruby-1.9.1/x86_64-darwin13.0.2 -I/Users/sschulthess/.rbenv/versions/1.9.3-p484/include/ruby-1.9.1/ruby/backward -I/Users/sschulthess/.rbenv/versions/1.9.3-p484/include/ruby-1.9.1 -I. -I/Users/sschulthess/.rbenv/versions/1.9.3-p484/include  -D_XOPEN_SOURCE -D_DARWIN_C_SOURCE  -I/Users/sschulthess/.rbenv/versions/1.9.3-p484/include   -O3 -Wno-error=shorten-64-to-32  -pipe  conftest.c -o conftest.i"
checked program was:
/* begin */
1: #include "ruby.h"
2: 
3: #include <stdlib.h>
/* end */

--------------------

find_header: checking for string.h... -------------------- yes

"gcc -E -I/Users/sschulthess/.rbenv/versions/1.9.3-p484/include/ruby-1.9.1/x86_64-darwin13.0.2 -I/Users/sschulthess/.rbenv/versions/1.9.3-p484/include/ruby-1.9.1/ruby/backward -I/Users/sschulthess/.rbenv/versions/1.9.3-p484/include/ruby-1.9.1 -I. -I/Users/sschulthess/.rbenv/versions/1.9.3-p484/include  -D_XOPEN_SOURCE -D_DARWIN_C_SOURCE  -I/Users/sschulthess/.rbenv/versions/1.9.3-p484/include   -O3 -Wno-error=shorten-64-to-32  -pipe  conftest.c -o conftest.i"
checked program was:
/* begin */
1: #include "ruby.h"
2: 
3: #include <string.h>
/* end */

--------------------

have_header: checking for pthread.h... -------------------- yes

"gcc -E -I/Users/sschulthess/.rbenv/versions/1.9.3-p484/include/ruby-1.9.1/x86_64-darwin13.0.2 -I/Users/sschulthess/.rbenv/versions/1.9.3-p484/include/ruby-1.9.1/ruby/backward -I/Users/sschulthess/.rbenv/versions/1.9.3-p484/include/ruby-1.9.1 -I. -I/Users/sschulthess/.rbenv/versions/1.9.3-p484/include  -D_XOPEN_SOURCE -D_DARWIN_C_SOURCE  -I/Users/sschulthess/.rbenv/versions/1.9.3-p484/include   -O3 -Wno-error=shorten-64-to-32  -pipe  conftest.c -o conftest.i"
checked program was:
/* begin */
1: #include "ruby.h"
2: 
3: #include <pthread.h>
/* end */

--------------------

